{"C:\\Users\\user\\Workspace\\Source Code\\Dev 2023\\JS\\Alogrithms and Data structures\\Laboratory Work 3\\src\\sortableList\\defaultCompareFn.js": {"path":"C:\\Users\\user\\Workspace\\Source Code\\Dev 2023\\JS\\Alogrithms and Data structures\\Laboratory Work 3\\src\\sortableList\\defaultCompareFn.js","all":false,"statementMap":{"0":{"start":{"line":1,"column":0},"end":{"line":1,"column":39}},"1":{"start":{"line":2,"column":0},"end":{"line":2,"column":36}},"2":{"start":{"line":3,"column":0},"end":{"line":3,"column":103}},"3":{"start":{"line":4,"column":0},"end":{"line":4,"column":89}},"4":{"start":{"line":5,"column":0},"end":{"line":5,"column":0}},"5":{"start":{"line":6,"column":0},"end":{"line":6,"column":53}},"6":{"start":{"line":7,"column":0},"end":{"line":7,"column":0}},"7":{"start":{"line":8,"column":0},"end":{"line":8,"column":34}},"8":{"start":{"line":9,"column":0},"end":{"line":9,"column":0}},"9":{"start":{"line":10,"column":0},"end":{"line":10,"column":35}},"10":{"start":{"line":11,"column":0},"end":{"line":11,"column":0}},"11":{"start":{"line":12,"column":0},"end":{"line":12,"column":32}},"12":{"start":{"line":13,"column":0},"end":{"line":13,"column":32}},"13":{"start":{"line":14,"column":0},"end":{"line":14,"column":0}},"14":{"start":{"line":15,"column":0},"end":{"line":15,"column":37}},"15":{"start":{"line":16,"column":0},"end":{"line":16,"column":0}},"16":{"start":{"line":17,"column":0},"end":{"line":17,"column":36}},"17":{"start":{"line":18,"column":0},"end":{"line":18,"column":0}},"18":{"start":{"line":19,"column":0},"end":{"line":19,"column":13}},"19":{"start":{"line":20,"column":0},"end":{"line":20,"column":2}},"20":{"start":{"line":21,"column":0},"end":{"line":21,"column":0}},"21":{"start":{"line":22,"column":0},"end":{"line":22,"column":27}},"22":{"start":{"line":23,"column":0},"end":{"line":23,"column":86}},"23":{"start":{"line":24,"column":0},"end":{"line":24,"column":0}},"24":{"start":{"line":25,"column":0},"end":{"line":25,"column":36}},"25":{"start":{"line":26,"column":0},"end":{"line":26,"column":0}},"26":{"start":{"line":27,"column":0},"end":{"line":27,"column":83}},"27":{"start":{"line":28,"column":0},"end":{"line":28,"column":0}},"28":{"start":{"line":29,"column":0},"end":{"line":29,"column":44}},"29":{"start":{"line":30,"column":0},"end":{"line":30,"column":0}},"30":{"start":{"line":31,"column":0},"end":{"line":31,"column":55}},"31":{"start":{"line":32,"column":0},"end":{"line":32,"column":0}},"32":{"start":{"line":33,"column":0},"end":{"line":33,"column":63}},"33":{"start":{"line":34,"column":0},"end":{"line":34,"column":26}},"34":{"start":{"line":35,"column":0},"end":{"line":35,"column":2}},"35":{"start":{"line":36,"column":0},"end":{"line":36,"column":0}},"36":{"start":{"line":37,"column":0},"end":{"line":37,"column":32}}},"s":{"0":1,"1":1,"2":88,"3":88,"4":88,"5":88,"6":88,"7":88,"8":88,"9":88,"10":88,"11":88,"12":88,"13":88,"14":88,"15":34,"16":88,"17":19,"18":19,"19":19,"20":1,"21":1,"22":176,"23":176,"24":176,"25":176,"26":176,"27":0,"28":0,"29":0,"30":0,"31":0,"32":0,"33":0,"34":0,"35":1,"36":1},"branchMap":{"0":{"type":"branch","line":2,"loc":{"start":{"line":2,"column":25},"end":{"line":20,"column":2}},"locations":[{"start":{"line":2,"column":25},"end":{"line":20,"column":2}}]},"1":{"type":"branch","line":6,"loc":{"start":{"line":6,"column":24},"end":{"line":6,"column":42}},"locations":[{"start":{"line":6,"column":24},"end":{"line":6,"column":42}}]},"2":{"type":"branch","line":6,"loc":{"start":{"line":6,"column":44},"end":{"line":6,"column":53}},"locations":[{"start":{"line":6,"column":44},"end":{"line":6,"column":53}}]},"3":{"type":"branch","line":8,"loc":{"start":{"line":8,"column":25},"end":{"line":8,"column":34}},"locations":[{"start":{"line":8,"column":25},"end":{"line":8,"column":34}}]},"4":{"type":"branch","line":10,"loc":{"start":{"line":10,"column":25},"end":{"line":10,"column":35}},"locations":[{"start":{"line":10,"column":25},"end":{"line":10,"column":35}}]},"5":{"type":"branch","line":15,"loc":{"start":{"line":15,"column":27},"end":{"line":15,"column":37}},"locations":[{"start":{"line":15,"column":27},"end":{"line":15,"column":37}}]},"6":{"type":"branch","line":16,"loc":{"start":{"line":16,"column":-2},"end":{"line":17,"column":27}},"locations":[{"start":{"line":16,"column":-2},"end":{"line":17,"column":27}}]},"7":{"type":"branch","line":17,"loc":{"start":{"line":17,"column":27},"end":{"line":17,"column":36}},"locations":[{"start":{"line":17,"column":27},"end":{"line":17,"column":36}}]},"8":{"type":"branch","line":18,"loc":{"start":{"line":18,"column":-2},"end":{"line":20,"column":2}},"locations":[{"start":{"line":18,"column":-2},"end":{"line":20,"column":2}}]},"9":{"type":"branch","line":22,"loc":{"start":{"line":22,"column":17},"end":{"line":35,"column":2}},"locations":[{"start":{"line":22,"column":17},"end":{"line":35,"column":2}}]},"10":{"type":"branch","line":25,"loc":{"start":{"line":25,"column":22},"end":{"line":25,"column":36}},"locations":[{"start":{"line":25,"column":22},"end":{"line":25,"column":36}}]},"11":{"type":"branch","line":28,"loc":{"start":{"line":28,"column":-2},"end":{"line":35,"column":2}},"locations":[{"start":{"line":28,"column":-2},"end":{"line":35,"column":2}}]}},"b":{"0":[88],"1":[0],"2":[0],"3":[0],"4":[0],"5":[54],"6":[34],"7":[15],"8":[19],"9":[176],"10":[0],"11":[0]},"fnMap":{"0":{"name":"defaultCompareFn","decl":{"start":{"line":2,"column":25},"end":{"line":20,"column":2}},"loc":{"start":{"line":2,"column":25},"end":{"line":20,"column":2}},"line":2},"1":{"name":"toString","decl":{"start":{"line":22,"column":17},"end":{"line":35,"column":2}},"loc":{"start":{"line":22,"column":17},"end":{"line":35,"column":2}},"line":22}},"f":{"0":88,"1":176}}
,"C:\\Users\\user\\Workspace\\Source Code\\Dev 2023\\JS\\Alogrithms and Data structures\\Laboratory Work 3\\src\\sortableList\\index.js": {"path":"C:\\Users\\user\\Workspace\\Source Code\\Dev 2023\\JS\\Alogrithms and Data structures\\Laboratory Work 3\\src\\sortableList\\index.js","all":false,"statementMap":{"0":{"start":{"line":1,"column":0},"end":{"line":1,"column":42}},"1":{"start":{"line":2,"column":0},"end":{"line":2,"column":0}},"2":{"start":{"line":3,"column":0},"end":{"line":3,"column":28}}},"s":{"0":1,"1":1,"2":1},"branchMap":{},"b":{},"fnMap":{},"f":{}}
,"C:\\Users\\user\\Workspace\\Source Code\\Dev 2023\\JS\\Alogrithms and Data structures\\Laboratory Work 3\\src\\sortableList\\sortableList.js": {"path":"C:\\Users\\user\\Workspace\\Source Code\\Dev 2023\\JS\\Alogrithms and Data structures\\Laboratory Work 3\\src\\sortableList\\sortableList.js","all":false,"statementMap":{"0":{"start":{"line":1,"column":0},"end":{"line":1,"column":50}},"1":{"start":{"line":2,"column":0},"end":{"line":2,"column":8}},"2":{"start":{"line":3,"column":0},"end":{"line":3,"column":15}},"3":{"start":{"line":4,"column":0},"end":{"line":4,"column":15}},"4":{"start":{"line":5,"column":0},"end":{"line":5,"column":13}},"5":{"start":{"line":6,"column":0},"end":{"line":6,"column":13}},"6":{"start":{"line":7,"column":0},"end":{"line":7,"column":18}},"7":{"start":{"line":8,"column":0},"end":{"line":8,"column":14}},"8":{"start":{"line":9,"column":0},"end":{"line":9,"column":14}},"9":{"start":{"line":10,"column":0},"end":{"line":10,"column":30}},"10":{"start":{"line":11,"column":0},"end":{"line":11,"column":0}},"11":{"start":{"line":12,"column":0},"end":{"line":12,"column":34}},"12":{"start":{"line":13,"column":0},"end":{"line":13,"column":21}},"13":{"start":{"line":14,"column":0},"end":{"line":14,"column":20}},"14":{"start":{"line":15,"column":0},"end":{"line":15,"column":0}},"15":{"start":{"line":16,"column":0},"end":{"line":16,"column":36}},"16":{"start":{"line":17,"column":0},"end":{"line":17,"column":49}},"17":{"start":{"line":18,"column":0},"end":{"line":18,"column":53}},"18":{"start":{"line":19,"column":0},"end":{"line":19,"column":0}},"19":{"start":{"line":20,"column":0},"end":{"line":20,"column":62}},"20":{"start":{"line":21,"column":0},"end":{"line":21,"column":0}},"21":{"start":{"line":22,"column":0},"end":{"line":22,"column":62}},"22":{"start":{"line":23,"column":0},"end":{"line":23,"column":31}},"23":{"start":{"line":24,"column":0},"end":{"line":24,"column":29}},"24":{"start":{"line":25,"column":0},"end":{"line":25,"column":22}},"25":{"start":{"line":26,"column":0},"end":{"line":26,"column":5}},"26":{"start":{"line":27,"column":0},"end":{"line":27,"column":0}},"27":{"start":{"line":28,"column":0},"end":{"line":28,"column":27}},"28":{"start":{"line":29,"column":0},"end":{"line":29,"column":55}},"29":{"start":{"line":30,"column":0},"end":{"line":30,"column":5}},"30":{"start":{"line":31,"column":0},"end":{"line":31,"column":27}},"31":{"start":{"line":32,"column":0},"end":{"line":32,"column":55}},"32":{"start":{"line":33,"column":0},"end":{"line":33,"column":5}},"33":{"start":{"line":34,"column":0},"end":{"line":34,"column":25}},"34":{"start":{"line":35,"column":0},"end":{"line":35,"column":53}},"35":{"start":{"line":36,"column":0},"end":{"line":36,"column":5}},"36":{"start":{"line":37,"column":0},"end":{"line":37,"column":25}},"37":{"start":{"line":38,"column":0},"end":{"line":38,"column":53}},"38":{"start":{"line":39,"column":0},"end":{"line":39,"column":5}},"39":{"start":{"line":40,"column":0},"end":{"line":40,"column":30}},"40":{"start":{"line":41,"column":0},"end":{"line":41,"column":58}},"41":{"start":{"line":42,"column":0},"end":{"line":42,"column":5}},"42":{"start":{"line":43,"column":0},"end":{"line":43,"column":26}},"43":{"start":{"line":44,"column":0},"end":{"line":44,"column":54}},"44":{"start":{"line":45,"column":0},"end":{"line":45,"column":5}},"45":{"start":{"line":46,"column":0},"end":{"line":46,"column":26}},"46":{"start":{"line":47,"column":0},"end":{"line":47,"column":54}},"47":{"start":{"line":48,"column":0},"end":{"line":48,"column":5}},"48":{"start":{"line":49,"column":0},"end":{"line":49,"column":1}},"49":{"start":{"line":50,"column":0},"end":{"line":50,"column":0}},"50":{"start":{"line":51,"column":0},"end":{"line":51,"column":28}}},"s":{"0":1,"1":1,"2":1,"3":1,"4":1,"5":1,"6":1,"7":1,"8":1,"9":1,"10":1,"11":1,"12":1,"13":1,"14":1,"15":1,"16":6,"17":6,"18":6,"19":6,"20":6,"21":6,"22":6,"23":6,"24":6,"25":6,"26":1,"27":1,"28":2,"29":2,"30":1,"31":0,"32":0,"33":1,"34":0,"35":0,"36":1,"37":0,"38":0,"39":1,"40":2,"41":2,"42":1,"43":0,"44":0,"45":1,"46":2,"47":2,"48":1,"49":1,"50":1},"branchMap":{"0":{"type":"branch","line":13,"loc":{"start":{"line":13,"column":4},"end":{"line":14,"column":19}},"locations":[{"start":{"line":13,"column":4},"end":{"line":14,"column":19}}]},"1":{"type":"branch","line":16,"loc":{"start":{"line":16,"column":4},"end":{"line":26,"column":5}},"locations":[{"start":{"line":16,"column":4},"end":{"line":26,"column":5}}]},"2":{"type":"branch","line":17,"loc":{"start":{"line":17,"column":21},"end":{"line":17,"column":49}},"locations":[{"start":{"line":17,"column":21},"end":{"line":17,"column":49}}]},"3":{"type":"branch","line":18,"loc":{"start":{"line":18,"column":24},"end":{"line":18,"column":53}},"locations":[{"start":{"line":18,"column":24},"end":{"line":18,"column":53}}]},"4":{"type":"branch","line":28,"loc":{"start":{"line":28,"column":4},"end":{"line":30,"column":5}},"locations":[{"start":{"line":28,"column":4},"end":{"line":30,"column":5}}]},"5":{"type":"branch","line":40,"loc":{"start":{"line":40,"column":4},"end":{"line":42,"column":5}},"locations":[{"start":{"line":40,"column":4},"end":{"line":42,"column":5}}]},"6":{"type":"branch","line":46,"loc":{"start":{"line":46,"column":4},"end":{"line":48,"column":5}},"locations":[{"start":{"line":46,"column":4},"end":{"line":48,"column":5}}]}},"b":{"0":[9],"1":[6],"2":[0],"3":[3],"4":[2],"5":[2],"6":[2]},"fnMap":{"0":{"name":"<instance_members_initializer>","decl":{"start":{"line":13,"column":4},"end":{"line":14,"column":19}},"loc":{"start":{"line":13,"column":4},"end":{"line":14,"column":19}},"line":13},"1":{"name":"#customSort","decl":{"start":{"line":16,"column":4},"end":{"line":26,"column":5}},"loc":{"start":{"line":16,"column":4},"end":{"line":26,"column":5}},"line":16},"2":{"name":"bubbleSort","decl":{"start":{"line":28,"column":4},"end":{"line":30,"column":5}},"loc":{"start":{"line":28,"column":4},"end":{"line":30,"column":5}},"line":28},"3":{"name":"bucketSort","decl":{"start":{"line":31,"column":4},"end":{"line":33,"column":5}},"loc":{"start":{"line":31,"column":4},"end":{"line":33,"column":5}},"line":31},"4":{"name":"combSort","decl":{"start":{"line":34,"column":4},"end":{"line":36,"column":5}},"loc":{"start":{"line":34,"column":4},"end":{"line":36,"column":5}},"line":34},"5":{"name":"heapSort","decl":{"start":{"line":37,"column":4},"end":{"line":39,"column":5}},"loc":{"start":{"line":37,"column":4},"end":{"line":39,"column":5}},"line":37},"6":{"name":"insertionSort","decl":{"start":{"line":40,"column":4},"end":{"line":42,"column":5}},"loc":{"start":{"line":40,"column":4},"end":{"line":42,"column":5}},"line":40},"7":{"name":"mergeSort","decl":{"start":{"line":43,"column":4},"end":{"line":45,"column":5}},"loc":{"start":{"line":43,"column":4},"end":{"line":45,"column":5}},"line":43},"8":{"name":"quickSort","decl":{"start":{"line":46,"column":4},"end":{"line":48,"column":5}},"loc":{"start":{"line":46,"column":4},"end":{"line":48,"column":5}},"line":46}},"f":{"0":9,"1":6,"2":2,"3":0,"4":0,"5":0,"6":2,"7":0,"8":2}}
,"C:\\Users\\user\\Workspace\\Source Code\\Dev 2023\\JS\\Alogrithms and Data structures\\Laboratory Work 3\\src\\sortingAlgorithms\\bubbleSort.js": {"path":"C:\\Users\\user\\Workspace\\Source Code\\Dev 2023\\JS\\Alogrithms and Data structures\\Laboratory Work 3\\src\\sortingAlgorithms\\bubbleSort.js","all":false,"statementMap":{"0":{"start":{"line":1,"column":0},"end":{"line":1,"column":40}},"1":{"start":{"line":2,"column":0},"end":{"line":2,"column":18}},"2":{"start":{"line":3,"column":0},"end":{"line":3,"column":33}},"3":{"start":{"line":4,"column":0},"end":{"line":4,"column":0}},"4":{"start":{"line":5,"column":0},"end":{"line":5,"column":66}},"5":{"start":{"line":6,"column":0},"end":{"line":6,"column":65}},"6":{"start":{"line":7,"column":0},"end":{"line":7,"column":41}},"7":{"start":{"line":8,"column":0},"end":{"line":8,"column":46}},"8":{"start":{"line":9,"column":0},"end":{"line":9,"column":0}},"9":{"start":{"line":10,"column":0},"end":{"line":10,"column":53}},"10":{"start":{"line":11,"column":0},"end":{"line":11,"column":43}},"11":{"start":{"line":12,"column":0},"end":{"line":12,"column":40}},"12":{"start":{"line":13,"column":0},"end":{"line":13,"column":13}},"13":{"start":{"line":14,"column":0},"end":{"line":14,"column":20}},"14":{"start":{"line":15,"column":0},"end":{"line":15,"column":9}},"15":{"start":{"line":16,"column":0},"end":{"line":16,"column":5}},"16":{"start":{"line":17,"column":0},"end":{"line":17,"column":0}},"17":{"start":{"line":18,"column":0},"end":{"line":18,"column":33}},"18":{"start":{"line":19,"column":0},"end":{"line":19,"column":34}},"19":{"start":{"line":20,"column":0},"end":{"line":20,"column":30}},"20":{"start":{"line":21,"column":0},"end":{"line":21,"column":2}},"21":{"start":{"line":22,"column":0},"end":{"line":22,"column":0}},"22":{"start":{"line":23,"column":0},"end":{"line":23,"column":26}}},"s":{"0":1,"1":2,"2":2,"3":2,"4":2,"5":16,"6":112,"7":112,"8":112,"9":112,"10":31,"11":31,"12":31,"13":112,"14":112,"15":16,"16":2,"17":2,"18":2,"19":2,"20":2,"21":1,"22":1},"branchMap":{"0":{"type":"branch","line":2,"loc":{"start":{"line":2,"column":-2},"end":{"line":21,"column":2}},"locations":[{"start":{"line":2,"column":-2},"end":{"line":21,"column":2}}]},"1":{"type":"branch","line":5,"loc":{"start":{"line":5,"column":65},"end":{"line":16,"column":5}},"locations":[{"start":{"line":5,"column":65},"end":{"line":16,"column":5}}]},"2":{"type":"branch","line":6,"loc":{"start":{"line":6,"column":64},"end":{"line":15,"column":9}},"locations":[{"start":{"line":6,"column":64},"end":{"line":15,"column":9}}]},"3":{"type":"branch","line":10,"loc":{"start":{"line":10,"column":52},"end":{"line":13,"column":13}},"locations":[{"start":{"line":10,"column":52},"end":{"line":13,"column":13}}]}},"b":{"0":[2],"1":[16],"2":[112],"3":[31]},"fnMap":{"0":{"name":"bubbleSort","decl":{"start":{"line":2,"column":-2},"end":{"line":21,"column":2}},"loc":{"start":{"line":2,"column":-2},"end":{"line":21,"column":2}},"line":2}},"f":{"0":2}}
,"C:\\Users\\user\\Workspace\\Source Code\\Dev 2023\\JS\\Alogrithms and Data structures\\Laboratory Work 3\\src\\sortingAlgorithms\\bucketSort.js": {"path":"C:\\Users\\user\\Workspace\\Source Code\\Dev 2023\\JS\\Alogrithms and Data structures\\Laboratory Work 3\\src\\sortingAlgorithms\\bucketSort.js","all":false,"statementMap":{"0":{"start":{"line":1,"column":0},"end":{"line":1,"column":40}},"1":{"start":{"line":2,"column":0},"end":{"line":2,"column":18}},"2":{"start":{"line":3,"column":0},"end":{"line":3,"column":33}},"3":{"start":{"line":4,"column":0},"end":{"line":4,"column":0}},"4":{"start":{"line":5,"column":0},"end":{"line":5,"column":33}},"5":{"start":{"line":6,"column":0},"end":{"line":6,"column":34}},"6":{"start":{"line":7,"column":0},"end":{"line":7,"column":30}},"7":{"start":{"line":8,"column":0},"end":{"line":8,"column":2}},"8":{"start":{"line":9,"column":0},"end":{"line":9,"column":0}},"9":{"start":{"line":10,"column":0},"end":{"line":10,"column":26}}},"s":{"0":1,"1":0,"2":0,"3":0,"4":0,"5":0,"6":0,"7":0,"8":1,"9":1},"branchMap":{},"b":{},"fnMap":{"0":{"name":"bucketSort","decl":{"start":{"line":2,"column":-2},"end":{"line":8,"column":2}},"loc":{"start":{"line":2,"column":-2},"end":{"line":8,"column":2}},"line":2}},"f":{"0":0}}
,"C:\\Users\\user\\Workspace\\Source Code\\Dev 2023\\JS\\Alogrithms and Data structures\\Laboratory Work 3\\src\\sortingAlgorithms\\combSort.js": {"path":"C:\\Users\\user\\Workspace\\Source Code\\Dev 2023\\JS\\Alogrithms and Data structures\\Laboratory Work 3\\src\\sortingAlgorithms\\combSort.js","all":false,"statementMap":{"0":{"start":{"line":1,"column":0},"end":{"line":1,"column":38}},"1":{"start":{"line":2,"column":0},"end":{"line":2,"column":18}},"2":{"start":{"line":3,"column":0},"end":{"line":3,"column":33}},"3":{"start":{"line":4,"column":0},"end":{"line":4,"column":0}},"4":{"start":{"line":5,"column":0},"end":{"line":5,"column":33}},"5":{"start":{"line":6,"column":0},"end":{"line":6,"column":34}},"6":{"start":{"line":7,"column":0},"end":{"line":7,"column":30}},"7":{"start":{"line":8,"column":0},"end":{"line":8,"column":2}},"8":{"start":{"line":9,"column":0},"end":{"line":9,"column":0}},"9":{"start":{"line":10,"column":0},"end":{"line":10,"column":24}}},"s":{"0":1,"1":0,"2":0,"3":0,"4":0,"5":0,"6":0,"7":0,"8":1,"9":1},"branchMap":{},"b":{},"fnMap":{"0":{"name":"combSort","decl":{"start":{"line":2,"column":-2},"end":{"line":8,"column":2}},"loc":{"start":{"line":2,"column":-2},"end":{"line":8,"column":2}},"line":2}},"f":{"0":0}}
,"C:\\Users\\user\\Workspace\\Source Code\\Dev 2023\\JS\\Alogrithms and Data structures\\Laboratory Work 3\\src\\sortingAlgorithms\\heapSort.js": {"path":"C:\\Users\\user\\Workspace\\Source Code\\Dev 2023\\JS\\Alogrithms and Data structures\\Laboratory Work 3\\src\\sortingAlgorithms\\heapSort.js","all":false,"statementMap":{"0":{"start":{"line":1,"column":0},"end":{"line":1,"column":38}},"1":{"start":{"line":2,"column":0},"end":{"line":2,"column":18}},"2":{"start":{"line":3,"column":0},"end":{"line":3,"column":33}},"3":{"start":{"line":4,"column":0},"end":{"line":4,"column":0}},"4":{"start":{"line":5,"column":0},"end":{"line":5,"column":33}},"5":{"start":{"line":6,"column":0},"end":{"line":6,"column":34}},"6":{"start":{"line":7,"column":0},"end":{"line":7,"column":30}},"7":{"start":{"line":8,"column":0},"end":{"line":8,"column":2}},"8":{"start":{"line":9,"column":0},"end":{"line":9,"column":0}},"9":{"start":{"line":10,"column":0},"end":{"line":10,"column":24}}},"s":{"0":1,"1":0,"2":0,"3":0,"4":0,"5":0,"6":0,"7":0,"8":1,"9":1},"branchMap":{},"b":{},"fnMap":{"0":{"name":"heapSort","decl":{"start":{"line":2,"column":-2},"end":{"line":8,"column":2}},"loc":{"start":{"line":2,"column":-2},"end":{"line":8,"column":2}},"line":2}},"f":{"0":0}}
,"C:\\Users\\user\\Workspace\\Source Code\\Dev 2023\\JS\\Alogrithms and Data structures\\Laboratory Work 3\\src\\sortingAlgorithms\\index.js": {"path":"C:\\Users\\user\\Workspace\\Source Code\\Dev 2023\\JS\\Alogrithms and Data structures\\Laboratory Work 3\\src\\sortingAlgorithms\\index.js","all":false,"statementMap":{"0":{"start":{"line":1,"column":0},"end":{"line":1,"column":38}},"1":{"start":{"line":2,"column":0},"end":{"line":2,"column":38}},"2":{"start":{"line":3,"column":0},"end":{"line":3,"column":34}},"3":{"start":{"line":4,"column":0},"end":{"line":4,"column":34}},"4":{"start":{"line":5,"column":0},"end":{"line":5,"column":44}},"5":{"start":{"line":6,"column":0},"end":{"line":6,"column":36}},"6":{"start":{"line":7,"column":0},"end":{"line":7,"column":36}},"7":{"start":{"line":8,"column":0},"end":{"line":8,"column":0}},"8":{"start":{"line":9,"column":0},"end":{"line":9,"column":91}}},"s":{"0":1,"1":1,"2":1,"3":1,"4":1,"5":1,"6":1,"7":1,"8":1},"branchMap":{},"b":{},"fnMap":{},"f":{}}
,"C:\\Users\\user\\Workspace\\Source Code\\Dev 2023\\JS\\Alogrithms and Data structures\\Laboratory Work 3\\src\\sortingAlgorithms\\insertionSort.js": {"path":"C:\\Users\\user\\Workspace\\Source Code\\Dev 2023\\JS\\Alogrithms and Data structures\\Laboratory Work 3\\src\\sortingAlgorithms\\insertionSort.js","all":false,"statementMap":{"0":{"start":{"line":1,"column":0},"end":{"line":1,"column":43}},"1":{"start":{"line":2,"column":0},"end":{"line":2,"column":18}},"2":{"start":{"line":3,"column":0},"end":{"line":3,"column":33}},"3":{"start":{"line":4,"column":0},"end":{"line":4,"column":0}},"4":{"start":{"line":5,"column":0},"end":{"line":5,"column":42}},"5":{"start":{"line":6,"column":0},"end":{"line":6,"column":28}},"6":{"start":{"line":7,"column":0},"end":{"line":7,"column":34}},"7":{"start":{"line":8,"column":0},"end":{"line":8,"column":0}},"8":{"start":{"line":9,"column":0},"end":{"line":9,"column":79}},"9":{"start":{"line":10,"column":0},"end":{"line":10,"column":56}},"10":{"start":{"line":11,"column":0},"end":{"line":11,"column":28}},"11":{"start":{"line":12,"column":0},"end":{"line":12,"column":9}},"12":{"start":{"line":13,"column":0},"end":{"line":13,"column":38}},"13":{"start":{"line":14,"column":0},"end":{"line":14,"column":5}},"14":{"start":{"line":15,"column":0},"end":{"line":15,"column":0}},"15":{"start":{"line":16,"column":0},"end":{"line":16,"column":33}},"16":{"start":{"line":17,"column":0},"end":{"line":17,"column":34}},"17":{"start":{"line":18,"column":0},"end":{"line":18,"column":30}},"18":{"start":{"line":19,"column":0},"end":{"line":19,"column":2}},"19":{"start":{"line":20,"column":0},"end":{"line":20,"column":0}},"20":{"start":{"line":21,"column":0},"end":{"line":21,"column":29}}},"s":{"0":1,"1":2,"2":2,"3":2,"4":2,"5":16,"6":16,"7":16,"8":16,"9":31,"10":31,"11":31,"12":16,"13":16,"14":2,"15":2,"16":2,"17":2,"18":2,"19":1,"20":1},"branchMap":{"0":{"type":"branch","line":2,"loc":{"start":{"line":2,"column":-2},"end":{"line":19,"column":2}},"locations":[{"start":{"line":2,"column":-2},"end":{"line":19,"column":2}}]},"1":{"type":"branch","line":5,"loc":{"start":{"line":5,"column":41},"end":{"line":14,"column":5}},"locations":[{"start":{"line":5,"column":41},"end":{"line":14,"column":5}}]},"2":{"type":"branch","line":9,"loc":{"start":{"line":9,"column":34},"end":{"line":9,"column":76}},"locations":[{"start":{"line":9,"column":34},"end":{"line":9,"column":76}}]},"3":{"type":"branch","line":9,"loc":{"start":{"line":9,"column":78},"end":{"line":12,"column":9}},"locations":[{"start":{"line":9,"column":78},"end":{"line":12,"column":9}}]}},"b":{"0":[2],"1":[16],"2":[41],"3":[31]},"fnMap":{"0":{"name":"insertionSort","decl":{"start":{"line":2,"column":-2},"end":{"line":19,"column":2}},"loc":{"start":{"line":2,"column":-2},"end":{"line":19,"column":2}},"line":2}},"f":{"0":2}}
,"C:\\Users\\user\\Workspace\\Source Code\\Dev 2023\\JS\\Alogrithms and Data structures\\Laboratory Work 3\\src\\sortingAlgorithms\\mergeSort.js": {"path":"C:\\Users\\user\\Workspace\\Source Code\\Dev 2023\\JS\\Alogrithms and Data structures\\Laboratory Work 3\\src\\sortingAlgorithms\\mergeSort.js","all":false,"statementMap":{"0":{"start":{"line":1,"column":0},"end":{"line":1,"column":39}},"1":{"start":{"line":2,"column":0},"end":{"line":2,"column":18}},"2":{"start":{"line":3,"column":0},"end":{"line":3,"column":33}},"3":{"start":{"line":4,"column":0},"end":{"line":4,"column":0}},"4":{"start":{"line":5,"column":0},"end":{"line":5,"column":33}},"5":{"start":{"line":6,"column":0},"end":{"line":6,"column":34}},"6":{"start":{"line":7,"column":0},"end":{"line":7,"column":30}},"7":{"start":{"line":8,"column":0},"end":{"line":8,"column":2}},"8":{"start":{"line":9,"column":0},"end":{"line":9,"column":0}},"9":{"start":{"line":10,"column":0},"end":{"line":10,"column":25}}},"s":{"0":1,"1":0,"2":0,"3":0,"4":0,"5":0,"6":0,"7":0,"8":1,"9":1},"branchMap":{},"b":{},"fnMap":{"0":{"name":"mergeSort","decl":{"start":{"line":2,"column":-2},"end":{"line":8,"column":2}},"loc":{"start":{"line":2,"column":-2},"end":{"line":8,"column":2}},"line":2}},"f":{"0":0}}
,"C:\\Users\\user\\Workspace\\Source Code\\Dev 2023\\JS\\Alogrithms and Data structures\\Laboratory Work 3\\src\\sortingAlgorithms\\quickSort.js": {"path":"C:\\Users\\user\\Workspace\\Source Code\\Dev 2023\\JS\\Alogrithms and Data structures\\Laboratory Work 3\\src\\sortingAlgorithms\\quickSort.js","all":false,"statementMap":{"0":{"start":{"line":1,"column":0},"end":{"line":1,"column":3}},"1":{"start":{"line":2,"column":0},"end":{"line":2,"column":53}},"2":{"start":{"line":3,"column":0},"end":{"line":3,"column":40}},"3":{"start":{"line":4,"column":0},"end":{"line":4,"column":41}},"4":{"start":{"line":5,"column":0},"end":{"line":5,"column":2}},"5":{"start":{"line":6,"column":0},"end":{"line":6,"column":61}},"6":{"start":{"line":7,"column":0},"end":{"line":7,"column":32}},"7":{"start":{"line":8,"column":0},"end":{"line":8,"column":36}},"8":{"start":{"line":9,"column":0},"end":{"line":9,"column":0}},"9":{"start":{"line":10,"column":0},"end":{"line":10,"column":73}},"10":{"start":{"line":11,"column":0},"end":{"line":11,"column":36}},"11":{"start":{"line":12,"column":0},"end":{"line":12,"column":41}},"12":{"start":{"line":13,"column":0},"end":{"line":13,"column":46}},"13":{"start":{"line":14,"column":0},"end":{"line":14,"column":90}},"14":{"start":{"line":15,"column":0},"end":{"line":15,"column":0}},"15":{"start":{"line":16,"column":0},"end":{"line":16,"column":29}},"16":{"start":{"line":17,"column":0},"end":{"line":17,"column":9}},"17":{"start":{"line":18,"column":0},"end":{"line":18,"column":5}},"18":{"start":{"line":19,"column":0},"end":{"line":19,"column":0}},"19":{"start":{"line":20,"column":0},"end":{"line":20,"column":29}},"20":{"start":{"line":21,"column":0},"end":{"line":21,"column":38}},"21":{"start":{"line":22,"column":0},"end":{"line":22,"column":72}},"22":{"start":{"line":23,"column":0},"end":{"line":23,"column":22}},"23":{"start":{"line":24,"column":0},"end":{"line":24,"column":2}},"24":{"start":{"line":25,"column":0},"end":{"line":25,"column":0}},"25":{"start":{"line":26,"column":0},"end":{"line":26,"column":85}},"26":{"start":{"line":27,"column":0},"end":{"line":27,"column":39}},"27":{"start":{"line":28,"column":0},"end":{"line":28,"column":0}},"28":{"start":{"line":29,"column":0},"end":{"line":29,"column":71}},"29":{"start":{"line":30,"column":0},"end":{"line":30,"column":0}},"30":{"start":{"line":31,"column":0},"end":{"line":31,"column":61}},"31":{"start":{"line":32,"column":0},"end":{"line":32,"column":61}},"32":{"start":{"line":33,"column":0},"end":{"line":33,"column":62}},"33":{"start":{"line":34,"column":0},"end":{"line":34,"column":59}},"34":{"start":{"line":35,"column":0},"end":{"line":35,"column":0}},"35":{"start":{"line":36,"column":0},"end":{"line":36,"column":15}},"36":{"start":{"line":37,"column":0},"end":{"line":37,"column":2}},"37":{"start":{"line":38,"column":0},"end":{"line":38,"column":0}},"38":{"start":{"line":39,"column":0},"end":{"line":39,"column":39}},"39":{"start":{"line":40,"column":0},"end":{"line":40,"column":18}},"40":{"start":{"line":41,"column":0},"end":{"line":41,"column":33}},"41":{"start":{"line":42,"column":0},"end":{"line":42,"column":0}},"42":{"start":{"line":43,"column":0},"end":{"line":43,"column":33}},"43":{"start":{"line":44,"column":0},"end":{"line":44,"column":0}},"44":{"start":{"line":45,"column":0},"end":{"line":45,"column":33}},"45":{"start":{"line":46,"column":0},"end":{"line":46,"column":34}},"46":{"start":{"line":47,"column":0},"end":{"line":47,"column":30}},"47":{"start":{"line":48,"column":0},"end":{"line":48,"column":2}},"48":{"start":{"line":49,"column":0},"end":{"line":49,"column":0}},"49":{"start":{"line":50,"column":0},"end":{"line":50,"column":25}}},"s":{"0":1,"1":1,"2":1,"3":1,"4":1,"5":1,"6":10,"7":10,"8":10,"9":10,"10":36,"11":36,"12":19,"13":19,"14":19,"15":19,"16":19,"17":36,"18":10,"19":10,"20":10,"21":10,"22":10,"23":10,"24":1,"25":1,"26":22,"27":10,"28":10,"29":10,"30":10,"31":10,"32":10,"33":10,"34":10,"35":10,"36":10,"37":1,"38":1,"39":2,"40":2,"41":2,"42":2,"43":2,"44":2,"45":2,"46":2,"47":2,"48":1,"49":1},"branchMap":{"0":{"type":"branch","line":6,"loc":{"start":{"line":6,"column":18},"end":{"line":24,"column":2}},"locations":[{"start":{"line":6,"column":18},"end":{"line":24,"column":2}}]},"1":{"type":"branch","line":10,"loc":{"start":{"line":10,"column":72},"end":{"line":18,"column":5}},"locations":[{"start":{"line":10,"column":72},"end":{"line":18,"column":5}}]},"2":{"type":"branch","line":12,"loc":{"start":{"line":12,"column":40},"end":{"line":17,"column":9}},"locations":[{"start":{"line":12,"column":40},"end":{"line":17,"column":9}}]},"3":{"type":"branch","line":26,"loc":{"start":{"line":26,"column":21},"end":{"line":37,"column":2}},"locations":[{"start":{"line":26,"column":21},"end":{"line":37,"column":2}}]},"4":{"type":"branch","line":27,"loc":{"start":{"line":27,"column":32},"end":{"line":27,"column":39}},"locations":[{"start":{"line":27,"column":32},"end":{"line":27,"column":39}}]},"5":{"type":"branch","line":28,"loc":{"start":{"line":28,"column":-2},"end":{"line":37,"column":2}},"locations":[{"start":{"line":28,"column":-2},"end":{"line":37,"column":2}}]},"6":{"type":"branch","line":39,"loc":{"start":{"line":39,"column":18},"end":{"line":48,"column":2}},"locations":[{"start":{"line":39,"column":18},"end":{"line":48,"column":2}}]}},"b":{"0":[10],"1":[36],"2":[19],"3":[22],"4":[12],"5":[10],"6":[2]},"fnMap":{"0":{"name":"partition","decl":{"start":{"line":6,"column":18},"end":{"line":24,"column":2}},"loc":{"start":{"line":6,"column":18},"end":{"line":24,"column":2}},"line":6},"1":{"name":"recQuickSort","decl":{"start":{"line":26,"column":21},"end":{"line":37,"column":2}},"loc":{"start":{"line":26,"column":21},"end":{"line":37,"column":2}},"line":26},"2":{"name":"quickSort","decl":{"start":{"line":39,"column":18},"end":{"line":48,"column":2}},"loc":{"start":{"line":39,"column":18},"end":{"line":48,"column":2}},"line":39}},"f":{"0":10,"1":22,"2":2}}
}
